<?xml version="1.0" encoding="UTF-8"?>
<beans xmlns="http://www.springframework.org/schema/beans"
	xmlns:xsi="http://www.w3.org/2001/XMLSchema-instance" xmlns:tx="http://www.springframework.org/schema/tx"
	xmlns:aop="http://www.springframework.org/schema/aop" xmlns:context="http://www.springframework.org/schema/context"
	xmlns:jdbc="http://www.springframework.org/schema/jdbc"
	xsi:schemaLocation="http://www.springframework.org/schema/jdbc http://www.springframework.org/schema/jdbc/spring-jdbc-3.0.xsd
		http://www.springframework.org/schema/beans http://www.springframework.org/schema/beans/spring-beans-3.0.xsd
		http://www.springframework.org/schema/tx http://www.springframework.org/schema/tx/spring-tx.xsd
		http://www.springframework.org/schema/context http://www.springframework.org/schema/context/spring-context-3.0.xsd
		http://www.springframework.org/schema/aop http://www.springframework.org/schema/aop/spring-aop-3.0.xsd">

	<context:component-scan base-package="sk.qbsw.security">
	    <!-- <context:exclude-filter type="regex" expression="sk\.qbsw\.core\.security\.service\.CDatabaseAuthenticationService"/> -->
	</context:component-scan>
	
	<bean id="authenticationService" class="sk.qbsw.security.auth.service.CDatabaseAuthenticationService" />

	<bean id="loginBlockingService" class="sk.qbsw.security.service.CLoginBlockingService" />
	
	<bean class="org.springframework.beans.factory.config.MethodInvokingFactoryBean">
		<property name="targetObject" ref="loginBlockingService" />
		<property name="targetMethod" value="init" />
		<property name="arguments">
			<list>
				<value>5</value>
			</list>
		</property>
	</bean>

	<bean id="databaseLoginTask" scope="prototype" class="sk.qbsw.security.auth.test.performance.task.CDatabaseLoginTask" />
	<bean id="loginTaskExecutor"
		class="org.springframework.scheduling.concurrent.ThreadPoolTaskExecutor">
		<property name="corePoolSize" value="60" />
		<property name="maxPoolSize" value="60" />
		<property name="WaitForTasksToCompleteOnShutdown" value="true" />
	</bean>
</beans>