<?xml version="1.0" encoding="UTF-8"?>
<beans xmlns="http://www.springframework.org/schema/beans"
	xmlns:xsi="http://www.w3.org/2001/XMLSchema-instance" xmlns:tx="http://www.springframework.org/schema/tx"
	xmlns:aop="http://www.springframework.org/schema/aop" xmlns:context="http://www.springframework.org/schema/context"
	xmlns:jdbc="http://www.springframework.org/schema/jdbc"
	xsi:schemaLocation="http://www.springframework.org/schema/jdbc http://www.springframework.org/schema/jdbc/spring-jdbc-3.0.xsd
		http://www.springframework.org/schema/beans http://www.springframework.org/schema/beans/spring-beans-3.0.xsd
		http://www.springframework.org/schema/tx http://www.springframework.org/schema/tx/spring-tx.xsd
		http://www.springframework.org/schema/context http://www.springframework.org/schema/context/spring-context-3.0.xsd
		http://www.springframework.org/schema/aop http://www.springframework.org/schema/aop/spring-aop-3.0.xsd">

	<!-- Mailing -->
	<bean id="javaMailSender" class="org.springframework.mail.javamail.JavaMailSenderImpl">
		<property name="javaMailProperties">
			<props>
				<prop key="mail.smtp.auth">false</prop>
				<prop key="mail.smtp.connectiontimeout">5000</prop>
				<prop key="mail.smtp.sendpartial">true</prop>
				<prop key="mail.smtp.userset">true</prop>
				<prop key="mail.mime.charset">UTF-8</prop>
			</props>
		</property>
	</bean>

	<context:component-scan base-package="sk.qbsw.core.communication" />
	<context:component-scan base-package="sk.qbsw.core.testing.mock" />
	
	<!-- Mocks object for testing -->
    <bean id="mockSenderMailDao" class="sk.qbsw.core.testing.mock.CMockitoFactoryBean">
        <constructor-arg name="classToBeMocked" value="sk.qbsw.core.communication.mail.dao.sender.CMailDao" />
    </bean>
</beans>