<?xml version="1.0" encoding="UTF-8"?>
<beans xmlns="http://www.springframework.org/schema/beans"
	xmlns:xsi="http://www.w3.org/2001/XMLSchema-instance"
	xmlns:context="http://www.springframework.org/schema/context"
	xsi:schemaLocation="http://www.springframework.org/schema/beans http://www.springframework.org/schema/beans/spring-beans-3.0.xsd
		http://www.springframework.org/schema/context http://www.springframework.org/schema/context/spring-context-3.0.xsd">

	<context:component-scan base-package="sk.qbsw.security.authentication.db.test.util" />
	
	<bean class="sk.qbsw.security.authentication.db.configuration.SecurityAuthenticationConfiguration" />
	<bean class="sk.qbsw.security.management.configuration.SecurityManagementConfiguration" />

	<bean id="databaseLoginTask" scope="prototype" class="sk.qbsw.security.authentication.db.test.performance.task.DatabaseLoginTask" />

	<bean id="loginTaskExecutor"
		class="org.springframework.scheduling.concurrent.ThreadPoolTaskExecutor">
		<property name="corePoolSize" value="60" />
		<property name="maxPoolSize" value="60" />
		<property name="WaitForTasksToCompleteOnShutdown" value="true" />
	</bean>
	
</beans>
