<?xml version="1.0" encoding="UTF-8"?>
<beans xmlns="http://www.springframework.org/schema/beans"
       xmlns:xsi="http://www.w3.org/2001/XMLSchema-instance"
       xmlns:context="http://www.springframework.org/schema/context"
       xsi:schemaLocation="http://www.springframework.org/schema/beans http://www.springframework.org/schema/beans/spring-beans-3.0.xsd
		http://www.springframework.org/schema/context http://www.springframework.org/schema/context/spring-context-3.0.xsd">

    <context:component-scan base-package="sk.qbsw.security.management.test.util"/>
    
    <bean class="sk.qbsw.security.management.configuration.SecurityManagementConfiguration"/>

    <bean class="org.springframework.beans.factory.config.MethodInvokingFactoryBean">
        <property name="targetObject" ref="loginBlockingService"/>
        <property name="targetMethod" value="init"/>
        <property name="arguments">
            <list>
                <value>5</value>
            </list>
        </property>
    </bean>

</beans>
