<?xml version="1.0" encoding="UTF-8"?>
<beans xmlns="http://www.springframework.org/schema/beans"
	xmlns:xsi="http://www.w3.org/2001/XMLSchema-instance" xmlns:tx="http://www.springframework.org/schema/tx"
	xmlns:aop="http://www.springframework.org/schema/aop" xmlns:context="http://www.springframework.org/schema/context"
	xmlns:jdbc="http://www.springframework.org/schema/jdbc"
	xsi:schemaLocation="http://www.springframework.org/schema/jdbc http://www.springframework.org/schema/jdbc/spring-jdbc-3.0.xsd
		http://www.springframework.org/schema/beans http://www.springframework.org/schema/beans/spring-beans-3.0.xsd
		http://www.springframework.org/schema/tx http://www.springframework.org/schema/tx/spring-tx.xsd
		http://www.springframework.org/schema/context http://www.springframework.org/schema/context/spring-context-3.0.xsd
		http://www.springframework.org/schema/aop http://www.springframework.org/schema/aop/spring-aop-3.0.xsd">

	<bean id="sendMailTask" class="sk.qbsw.core.communication.mail.job.CSendMailTask" />

	<!-- Spring Quartz -->
	<bean name="sendMailJob" class="org.springframework.scheduling.quartz.JobDetailFactoryBean">
		<property name="jobClass" value="sk.qbsw.core.communication.mail.job.CSendMailJob" />
		<property name="jobDataAsMap">
			<map>
				<entry key="sendMailTask" value-ref="sendMailTask" />
			</map>
		</property>
	</bean>

	<!-- Simple Trigger, run every 5 seconds -->
	<bean id="simpleTrigger" class="org.springframework.scheduling.quartz.SimpleTriggerFactoryBean">
		<property name="jobDetail" ref="sendMailJob" />
		<property name="repeatInterval" value="5000" />
		<property name="startDelay" value="1000" />
	</bean>

	<!-- <bean class="org.springframework.scheduling.quartz.SchedulerFactoryBean">
		<property name="jobDetails">
			<list>
				<ref bean="sendMailJob" />
			</list>
		</property>
		<property name="triggers">
			<list>
				<ref bean="simpleTrigger" />
			</list>
		</property>
	</bean> -->
</beans>