<?xml version="1.0" encoding="UTF-8"?>
<beans xmlns="http://www.springframework.org/schema/beans"
	xmlns:xsi="http://www.w3.org/2001/XMLSchema-instance" xmlns:tx="http://www.springframework.org/schema/tx"
	xmlns:context="http://www.springframework.org/schema/context"
	xmlns:jdbc="http://www.springframework.org/schema/jdbc"
	xsi:schemaLocation="http://www.springframework.org/schema/jdbc http://www.springframework.org/schema/jdbc/spring-jdbc-3.0.xsd
		http://www.springframework.org/schema/beans http://www.springframework.org/schema/beans/spring-beans-3.0.xsd
		http://www.springframework.org/schema/tx http://www.springframework.org/schema/tx/spring-tx.xsd
		http://www.springframework.org/schema/context http://www.springframework.org/schema/context/spring-context-3.0.xsd">

	<!-- CONFIGURE DB -->
	<bean id="dataSource" class="org.apache.commons.dbcp.BasicDataSource">
		<property name="driverClassName" value="${jdbc.driver}" />
		<property name="url" value="${jdbc.url}" />
		<property name="username" value="${jdbc.user}" />
		<property name="password" value="${jdbc.password}" />
		<property name="maxActive" value="${jdbc.max_active}" />
		<property name="minIdle" value="${jdbc.min_idle}" />
		<property name="maxIdle" value="${jdbc.max_idle}" />
		<property name="minEvictableIdleTimeMillis" value="${jdbc.eviction_period}" />
	</bean>

	<bean id="dataSourceInitializer"
		class="org.springframework.jdbc.datasource.init.DataSourceInitializer">
		<property name="dataSource" ref="dataSource" />
		<property name="databasePopulator">
			<bean
				class="org.springframework.jdbc.datasource.init.ResourceDatabasePopulator">
				<property name="sqlScriptEncoding" value="UTF-8" />
				<property name="continueOnError" value="true" />
			</bean>
		</property>
	</bean>

	<!-- JPA configuration START -->
	<bean id="entityManagerFactory"
		class="org.springframework.orm.jpa.LocalContainerEntityManagerFactoryBean">
		<property name="dataSource" ref="dataSource" />
		<property name="persistenceUnitName" value="persistenceContext" />
		<property name="jpaVendorAdapter" ref="hibernateJpaVendorAdapter" />
	</bean>

	<bean id="hibernateJpaVendorAdapter"
		class="org.springframework.orm.jpa.vendor.HibernateJpaVendorAdapter">
		<property name="showSql" value="false" />
		<property name="generateDdl" value="false" />
	</bean>

	<bean id="transactionManager" class="org.springframework.orm.jpa.JpaTransactionManager">
		<property name="entityManagerFactory" ref="entityManagerFactory" />
	</bean>

	<!-- TX annotations -->
	<tx:annotation-driven />

</beans>