<?xml version="1.0" encoding="UTF-8"?>
<beans default-lazy-init="true" xmlns="http://www.springframework.org/schema/beans"
	xmlns:xsi="http://www.w3.org/2001/XMLSchema-instance"
	xsi:schemaLocation="http://www.springframework.org/schema/beans http://www.springframework.org/schema/beans/spring-beans-3.0.xsd
		http://www.springframework.org/schema/beans
		http://www.springframework.org/schema/beans/spring-beans-3.0.xsd">
	
	<bean
		class="org.springframework.beans.factory.config.PropertyPlaceholderConfigurer">
		<property name="systemPropertiesModeName" value="SYSTEM_PROPERTIES_MODE_OVERRIDE" />
		<property name="searchSystemEnvironment" value="true" />
		<property name="locations">
			<list>
				<value>classpath:/test.properties</value>
			</list>
		</property>
	</bean>

	<import resource="test-db.xml" />
	<import resource="test-services.xml" />
</beans>
