<?xml version="1.0" encoding="UTF-8"?>
<beans xmlns="http://www.springframework.org/schema/beans"
       xmlns:xsi="http://www.w3.org/2001/XMLSchema-instance" xmlns:tx="http://www.springframework.org/schema/tx"
       xmlns:aop="http://www.springframework.org/schema/aop"
       xmlns:context="http://www.springframework.org/schema/context"
       xmlns:jdbc="http://www.springframework.org/schema/jdbc"
       xsi:schemaLocation="http://www.springframework.org/schema/jdbc http://www.springframework.org/schema/jdbc/spring-jdbc-3.0.xsd
		http://www.springframework.org/schema/beans http://www.springframework.org/schema/beans/spring-beans-3.0.xsd
		http://www.springframework.org/schema/tx http://www.springframework.org/schema/tx/spring-tx.xsd
		http://www.springframework.org/schema/context http://www.springframework.org/schema/context/spring-context-3.0.xsd
		http://www.springframework.org/schema/aop http://www.springframework.org/schema/aop/spring-aop-3.0.xsd">

    <context:component-scan base-package="sk.qbsw.security"/>
    <context:component-scan base-package="sk.qbsw.core.configuration"/>

    <bean id="userDao" class="sk.qbsw.security.core.dao.jpa.UserJpaDao"/>
    <bean id="authValidationConfiguration" class="sk.qbsw.security.oauth.test.configuration.OAuthValidationTestConfigurationImpl" />
    <bean id="masterTokenDao" class="sk.qbsw.security.oauth.dao.jpa.MasterTokenJpaDaoImpl"/>
    <bean id="authenticationTokenDao" class="sk.qbsw.security.oauth.dao.jpa.AuthenticationTokenJpaDaoImpl"/>
    <bean id="idGeneratorService" class="sk.qbsw.security.oauth.service.impl.RandomIdGeneratorServiceImpl"/>
    <bean id="masterTokenService" class="sk.qbsw.security.oauth.service.impl.MasterTokenServiceImpl">
        <constructor-arg index="0" ref="masterTokenDao"/>
        <constructor-arg index="1" ref="authenticationTokenDao"/>
        <constructor-arg index="2" ref="userDao"/>
        <constructor-arg index="3" ref="idGeneratorService"/>
        <constructor-arg index="4" ref="authValidationConfiguration"/>
    </bean>
    <bean id="authenticationTokenService" class="sk.qbsw.security.oauth.service.impl.AuthenticationTokenServiceImpl">
        <constructor-arg index="0" ref="masterTokenDao"/>
        <constructor-arg index="1" ref="authenticationTokenDao"/>
        <constructor-arg index="2" ref="userDao"/>
        <constructor-arg index="3" ref="idGeneratorService"/>
        <constructor-arg index="4" ref="authValidationConfiguration"/>
    </bean>
</beans>